<!DOCTYPE html PUBLIC "-//W3C//DTD XHTML 1.1//EN" "http://www.w3.org/TR/xhtml11/DTD/xhtml11.dtd">
<html xmlns="http://www.w3.org/1999/xhtml"><head><title>TestNG Report</title><style type="text/css">table {margin-bottom:10px;border-collapse:collapse;empty-cells:show}th,td {border:1px solid #009;padding:.25em .5em}th {vertical-align:bottom}td {vertical-align:top}table a {font-weight:bold}.stripe td {background-color: #E6EBF9}.num {text-align:right}.passedodd td {background-color: #3F3}.passedeven td {background-color: #0A0}.skippedodd td {background-color: #DDD}.skippedeven td {background-color: #CCC}.failedodd td,.attn {background-color: #F33}.failedeven td,.stripe .attn {background-color: #D00}.stacktrace {white-space:pre;font-family:monospace}.totop {font-size:85%;text-align:center;border-bottom:2px solid #000}</style></head><body><table><tr><th>Test</th><th># Passed</th><th># Skipped</th><th># Failed</th><th>Time (ms)</th><th>Included Groups</th><th>Excluded Groups</th></tr><tr><th colspan="7">Suite</th></tr><tr><td><a href="#t0">ieTest</a></td><td class="num">0</td><td class="num">0</td><td class="num attn">1</td><td class="num">25,425</td><td></td><td></td></tr><tr class="stripe"><td><a href="#t1">chromeTest</a></td><td class="num">0</td><td class="num attn">1</td><td class="num">0</td><td class="num">17,866</td><td></td><td></td></tr><tr><th>Total</th><th class="num">0</th><th class="num attn">1</th><th class="num attn">1</th><th class="num">43,291</th><th colspan="2"></th></tr></table><table><thead><tr><th>Class</th><th>Method</th><th>Start</th><th>Time (ms)</th></tr></thead><tbody><tr><th colspan="4">Suite</th></tr></tbody><tbody id="t0"><tr><th colspan="4">ieTest &#8212; failed</th></tr><tr class="failedeven"><td rowspan="1">org.bgi.BasicTestng</td><td><a href="#m0">login</a></td><td rowspan="1">1567296402334</td><td rowspan="1">452</td></tr></tbody><tbody id="t1"><tr><th colspan="4">chromeTest &#8212; failed (configuration methods)</th></tr><tr class="failedeven"><td rowspan="1">org.bgi.BasicTestng</td><td><a href="#m1">beforeclass</a></td><td rowspan="1">1567296405427</td><td rowspan="1">0</td></tr><tr><th colspan="4">chromeTest &#8212; skipped (configuration methods)</th></tr><tr class="skippedeven"><td rowspan="1">org.bgi.BasicTestng</td><td><a href="#m2">afterclass</a></td><td rowspan="1">1567296423288</td><td rowspan="1">0</td></tr><tr><th colspan="4">chromeTest &#8212; skipped</th></tr><tr class="skippedeven"><td rowspan="1">org.bgi.BasicTestng</td><td><a href="#m3">login</a></td><td rowspan="1">1567296423266</td><td rowspan="1">5</td></tr></tbody></table><h2>ieTest</h2><h3 id="m0">org.bgi.BasicTestng#login</h3><table class="result"><tr><th>Exception</th></tr><tr><td><div class="stacktrace">org.openqa.selenium.NoSuchElementException: Cannot locate an element using xpath=//input[@id=&apos;username&apos;]
For documentation on this error, please visit: https://www.seleniumhq.org/exceptions/no_such_element.html
Build info: version: &apos;3.141.59&apos;, revision: &apos;e82be7d358&apos;, time: &apos;2018-11-14T08:25:53&apos;
System info: host: &apos;LAPTOP-2CTTAS9V&apos;, ip: &apos;192.168.43.243&apos;, os.name: &apos;Windows 10&apos;, os.arch: &apos;amd64&apos;, os.version: &apos;10.0&apos;, java.version: &apos;1.8.0_211&apos;
Driver info: driver.version: RemoteWebDriver
	at org.openqa.selenium.remote.RemoteWebDriver.findElement(RemoteWebDriver.java:327)
	at org.openqa.selenium.remote.RemoteWebDriver.findElementByXPath(RemoteWebDriver.java:428)
	at org.openqa.selenium.By$ByXPath.findElement(By.java:353)
	at org.openqa.selenium.remote.RemoteWebDriver.findElement(RemoteWebDriver.java:315)
	at org.bgi.BasicTestng.login(BasicTestng.java:24)
... Removed 25 stack frames</div></td></tr></table><p class="totop"><a href="#summary">back to summary</a></p><h2>chromeTest</h2><h3 id="m1">org.bgi.BasicTestng#beforeclass</h3><table class="result"><tr><th>Exception</th></tr><tr><td><div class="stacktrace">org.openqa.selenium.SessionNotCreatedException: session not created
from chrome not reachable
  (Session info: chrome=76.0.3809.100)
Build info: version: &apos;3.141.59&apos;, revision: &apos;e82be7d358&apos;, time: &apos;2018-11-14T08:25:53&apos;
System info: host: &apos;LAPTOP-2CTTAS9V&apos;, ip: &apos;192.168.43.243&apos;, os.name: &apos;Windows 10&apos;, os.arch: &apos;amd64&apos;, os.version: &apos;10.0&apos;, java.version: &apos;1.8.0_211&apos;
Driver info: driver.version: ChromeDriver
remote stacktrace: Backtrace:
	Ordinal0 [0x009E1B43+1448771]
	Ordinal0 [0x00965A31+940593]
	Ordinal0 [0x008F213C+467260]
	Ordinal0 [0x008EBB2E+441134]
	Ordinal0 [0x008EC1C8+442824]
	Ordinal0 [0x008ED275+447093]
	Ordinal0 [0x008E9515+431381]
	Ordinal0 [0x008F2EF0+470768]
	Ordinal0 [0x008A94BE+169150]
	Ordinal0 [0x008A88DD+166109]
	Ordinal0 [0x008A6FEB+159723]
	Ordinal0 [0x008909F6+68086]
	Ordinal0 [0x00891990+72080]
	Ordinal0 [0x00891929+71977]
	GetHandleVerifier [0x00B22E8C+1172172]
	GetHandleVerifier [0x00A7FE55+504469]
	GetHandleVerifier [0x00A7FBF0+503856]
	Ordinal0 [0x009EC9C8+1493448]
	GetHandleVerifier [0x00A8062A+506474]
	Ordinal0 [0x00977156+1012054]
	Ordinal0 [0x00976FCF+1011663]
	Ordinal0 [0x0098135B+1053531]
	Ordinal0 [0x009814C3+1053891]
	Ordinal0 [0x009804F5+1049845]
	BaseThreadInitThunk [0x75366359+25]
	RtlGetAppContainerNamedObjectPath [0x77797A94+228]
	RtlGetAppContainerNamedObjectPath [0x77797A64+180]

	at org.openqa.selenium.remote.W3CHandshakeResponse.lambda$errorHandler$0(W3CHandshakeResponse.java:62)
	at org.openqa.selenium.remote.HandshakeResponse.lambda$getResponseFunction$0(HandshakeResponse.java:30)
	at org.openqa.selenium.remote.ProtocolHandshake.lambda$createSession$0(ProtocolHandshake.java:126)
	at java.util.stream.ReferencePipeline$3$1.accept(Unknown Source)
	at java.util.Spliterators$ArraySpliterator.tryAdvance(Unknown Source)
	at java.util.stream.ReferencePipeline.forEachWithCancel(Unknown Source)
	at java.util.stream.AbstractPipeline.copyIntoWithCancel(Unknown Source)
	at java.util.stream.AbstractPipeline.copyInto(Unknown Source)
	at java.util.stream.AbstractPipeline.wrapAndCopyInto(Unknown Source)
	at java.util.stream.FindOps$FindOp.evaluateSequential(Unknown Source)
	at java.util.stream.AbstractPipeline.evaluate(Unknown Source)
	at java.util.stream.ReferencePipeline.findFirst(Unknown Source)
	at org.openqa.selenium.remote.ProtocolHandshake.createSession(ProtocolHandshake.java:128)
	at org.openqa.selenium.remote.ProtocolHandshake.createSession(ProtocolHandshake.java:74)
	at org.openqa.selenium.remote.HttpCommandExecutor.execute(HttpCommandExecutor.java:136)
	at org.openqa.selenium.remote.service.DriverCommandExecutor.execute(DriverCommandExecutor.java:83)
	at org.openqa.selenium.remote.RemoteWebDriver.execute(RemoteWebDriver.java:552)
	at org.openqa.selenium.remote.RemoteWebDriver.startSession(RemoteWebDriver.java:213)
	at org.openqa.selenium.remote.RemoteWebDriver.&lt;init&gt;(RemoteWebDriver.java:131)
	at org.openqa.selenium.chrome.ChromeDriver.&lt;init&gt;(ChromeDriver.java:181)
	at org.openqa.selenium.chrome.ChromeDriver.&lt;init&gt;(ChromeDriver.java:168)
	at org.openqa.selenium.chrome.ChromeDriver.&lt;init&gt;(ChromeDriver.java:123)
	at org.bgi.BasicTestng.beforeclass(BasicTestng.java:18)
... Removed 29 stack frames</div></td></tr></table><p class="totop"><a href="#summary">back to summary</a></p><h3 id="m2">org.bgi.BasicTestng#afterclass</h3><table class="result"></table><p class="totop"><a href="#summary">back to summary</a></p><h3 id="m3">org.bgi.BasicTestng#login</h3><table class="result"></table><p class="totop"><a href="#summary">back to summary</a></p></body></html>