<?xml version="1.0" encoding="UTF-8"?>
<testng-results skipped="1" failed="1" total="2" passed="0">
  <reporter-output>
  </reporter-output>
  <suite name="Suite" duration-ms="44524" started-at="2019-09-01T00:06:18Z" finished-at="2019-09-01T00:07:03Z">
    <groups>
    </groups>
    <test name="ieTest" duration-ms="25425" started-at="2019-09-01T00:06:18Z" finished-at="2019-09-01T00:06:44Z">
      <class name="org.bgi.BasicTestng">
        <test-method status="PASS" signature="beforeclass()[pri:0, instance:org.bgi.BasicTestng@13c78c0b]" name="beforeclass" is-config="true" duration-ms="23505" started-at="2019-09-01T05:36:18Z" finished-at="2019-09-01T05:36:42Z">
          <reporter-output>
          </reporter-output>
        </test-method> <!-- beforeclass -->
        <test-method status="FAIL" signature="login()[pri:0, instance:org.bgi.BasicTestng@13c78c0b]" name="login" duration-ms="452" started-at="2019-09-01T05:36:42Z" finished-at="2019-09-01T05:36:42Z">
          <exception class="org.openqa.selenium.NoSuchElementException">
            <message>
              <![CDATA[Cannot locate an element using xpath=//input[@id='username']
For documentation on this error, please visit: https://www.seleniumhq.org/exceptions/no_such_element.html
Build info: version: '3.141.59', revision: 'e82be7d358', time: '2018-11-14T08:25:53'
System info: host: 'LAPTOP-2CTTAS9V', ip: '192.168.43.243', os.name: 'Windows 10', os.arch: 'amd64', os.version: '10.0', java.version: '1.8.0_211'
Driver info: driver.version: RemoteWebDriver]]>
            </message>
            <full-stacktrace>
              <![CDATA[org.openqa.selenium.NoSuchElementException: Cannot locate an element using xpath=//input[@id='username']
For documentation on this error, please visit: https://www.seleniumhq.org/exceptions/no_such_element.html
Build info: version: '3.141.59', revision: 'e82be7d358', time: '2018-11-14T08:25:53'
System info: host: 'LAPTOP-2CTTAS9V', ip: '192.168.43.243', os.name: 'Windows 10', os.arch: 'amd64', os.version: '10.0', java.version: '1.8.0_211'
Driver info: driver.version: RemoteWebDriver
	at org.openqa.selenium.remote.RemoteWebDriver.findElement(RemoteWebDriver.java:327)
	at org.openqa.selenium.remote.RemoteWebDriver.findElementByXPath(RemoteWebDriver.java:428)
	at org.openqa.selenium.By$ByXPath.findElement(By.java:353)
	at org.openqa.selenium.remote.RemoteWebDriver.findElement(RemoteWebDriver.java:315)
	at org.bgi.BasicTestng.login(BasicTestng.java:24)
	at sun.reflect.NativeMethodAccessorImpl.invoke0(Native Method)
	at sun.reflect.NativeMethodAccessorImpl.invoke(Unknown Source)
	at sun.reflect.DelegatingMethodAccessorImpl.invoke(Unknown Source)
	at java.lang.reflect.Method.invoke(Unknown Source)
	at org.testng.internal.MethodInvocationHelper.invokeMethod(MethodInvocationHelper.java:100)
	at org.testng.internal.Invoker.invokeMethod(Invoker.java:646)
	at org.testng.internal.Invoker.invokeTestMethod(Invoker.java:811)
	at org.testng.internal.Invoker.invokeTestMethods(Invoker.java:1137)
	at org.testng.internal.TestMethodWorker.invokeTestMethods(TestMethodWorker.java:129)
	at org.testng.internal.TestMethodWorker.run(TestMethodWorker.java:112)
	at org.testng.TestRunner.privateRun(TestRunner.java:753)
	at org.testng.TestRunner.run(TestRunner.java:607)
	at org.testng.SuiteRunner.runTest(SuiteRunner.java:368)
	at org.testng.SuiteRunner.runSequentially(SuiteRunner.java:363)
	at org.testng.SuiteRunner.privateRun(SuiteRunner.java:321)
	at org.testng.SuiteRunner.run(SuiteRunner.java:270)
	at org.testng.SuiteRunnerWorker.runSuite(SuiteRunnerWorker.java:52)
	at org.testng.SuiteRunnerWorker.run(SuiteRunnerWorker.java:86)
	at org.testng.TestNG.runSuitesSequentially(TestNG.java:1284)
	at org.testng.TestNG.runSuitesLocally(TestNG.java:1209)
	at org.testng.TestNG.runSuites(TestNG.java:1124)
	at org.testng.TestNG.run(TestNG.java:1096)
	at org.testng.remote.AbstractRemoteTestNG.run(AbstractRemoteTestNG.java:126)
	at org.testng.remote.RemoteTestNG.initAndRun(RemoteTestNG.java:152)
	at org.testng.remote.RemoteTestNG.main(RemoteTestNG.java:57)
]]>
            </full-stacktrace>
          </exception> <!-- org.openqa.selenium.NoSuchElementException -->
          <reporter-output>
          </reporter-output>
        </test-method> <!-- login -->
        <test-method status="PASS" signature="afterclass()[pri:0, instance:org.bgi.BasicTestng@13c78c0b]" name="afterclass" is-config="true" duration-ms="1349" started-at="2019-09-01T05:36:42Z" finished-at="2019-09-01T05:36:44Z">
          <reporter-output>
          </reporter-output>
        </test-method> <!-- afterclass -->
      </class> <!-- org.bgi.BasicTestng -->
    </test> <!-- ieTest -->
    <test name="chromeTest" duration-ms="17866" started-at="2019-09-01T00:06:45Z" finished-at="2019-09-01T00:07:03Z">
      <class name="org.bgi.BasicTestng">
        <test-method status="FAIL" signature="beforeclass()[pri:0, instance:org.bgi.BasicTestng@6ea12c19]" name="beforeclass" is-config="true" duration-ms="0" started-at="2019-09-01T05:36:45Z" finished-at="2019-09-01T05:36:45Z">
          <exception class="org.openqa.selenium.SessionNotCreatedException">
            <message>
              <![CDATA[session not created
from chrome not reachable
  (Session info: chrome=76.0.3809.100)
Build info: version: '3.141.59', revision: 'e82be7d358', time: '2018-11-14T08:25:53'
System info: host: 'LAPTOP-2CTTAS9V', ip: '192.168.43.243', os.name: 'Windows 10', os.arch: 'amd64', os.version: '10.0', java.version: '1.8.0_211'
Driver info: driver.version: ChromeDriver
remote stacktrace: Backtrace:
	Ordinal0 [0x009E1B43+1448771]
	Ordinal0 [0x00965A31+940593]
	Ordinal0 [0x008F213C+467260]
	Ordinal0 [0x008EBB2E+441134]
	Ordinal0 [0x008EC1C8+442824]
	Ordinal0 [0x008ED275+447093]
	Ordinal0 [0x008E9515+431381]
	Ordinal0 [0x008F2EF0+470768]
	Ordinal0 [0x008A94BE+169150]
	Ordinal0 [0x008A88DD+166109]
	Ordinal0 [0x008A6FEB+159723]
	Ordinal0 [0x008909F6+68086]
	Ordinal0 [0x00891990+72080]
	Ordinal0 [0x00891929+71977]
	GetHandleVerifier [0x00B22E8C+1172172]
	GetHandleVerifier [0x00A7FE55+504469]
	GetHandleVerifier [0x00A7FBF0+503856]
	Ordinal0 [0x009EC9C8+1493448]
	GetHandleVerifier [0x00A8062A+506474]
	Ordinal0 [0x00977156+1012054]
	Ordinal0 [0x00976FCF+1011663]
	Ordinal0 [0x0098135B+1053531]
	Ordinal0 [0x009814C3+1053891]
	Ordinal0 [0x009804F5+1049845]
	BaseThreadInitThunk [0x75366359+25]
	RtlGetAppContainerNamedObjectPath [0x77797A94+228]
	RtlGetAppContainerNamedObjectPath [0x77797A64+180]
]]>
            </message>
            <full-stacktrace>
              <![CDATA[org.openqa.selenium.SessionNotCreatedException: session not created
from chrome not reachable
  (Session info: chrome=76.0.3809.100)
Build info: version: '3.141.59', revision: 'e82be7d358', time: '2018-11-14T08:25:53'
System info: host: 'LAPTOP-2CTTAS9V', ip: '192.168.43.243', os.name: 'Windows 10', os.arch: 'amd64', os.version: '10.0', java.version: '1.8.0_211'
Driver info: driver.version: ChromeDriver
remote stacktrace: Backtrace:
	Ordinal0 [0x009E1B43+1448771]
	Ordinal0 [0x00965A31+940593]
	Ordinal0 [0x008F213C+467260]
	Ordinal0 [0x008EBB2E+441134]
	Ordinal0 [0x008EC1C8+442824]
	Ordinal0 [0x008ED275+447093]
	Ordinal0 [0x008E9515+431381]
	Ordinal0 [0x008F2EF0+470768]
	Ordinal0 [0x008A94BE+169150]
	Ordinal0 [0x008A88DD+166109]
	Ordinal0 [0x008A6FEB+159723]
	Ordinal0 [0x008909F6+68086]
	Ordinal0 [0x00891990+72080]
	Ordinal0 [0x00891929+71977]
	GetHandleVerifier [0x00B22E8C+1172172]
	GetHandleVerifier [0x00A7FE55+504469]
	GetHandleVerifier [0x00A7FBF0+503856]
	Ordinal0 [0x009EC9C8+1493448]
	GetHandleVerifier [0x00A8062A+506474]
	Ordinal0 [0x00977156+1012054]
	Ordinal0 [0x00976FCF+1011663]
	Ordinal0 [0x0098135B+1053531]
	Ordinal0 [0x009814C3+1053891]
	Ordinal0 [0x009804F5+1049845]
	BaseThreadInitThunk [0x75366359+25]
	RtlGetAppContainerNamedObjectPath [0x77797A94+228]
	RtlGetAppContainerNamedObjectPath [0x77797A64+180]

	at sun.reflect.NativeConstructorAccessorImpl.newInstance0(Native Method)
	at sun.reflect.NativeConstructorAccessorImpl.newInstance(Unknown Source)
	at sun.reflect.DelegatingConstructorAccessorImpl.newInstance(Unknown Source)
	at java.lang.reflect.Constructor.newInstance(Unknown Source)
	at org.openqa.selenium.remote.W3CHandshakeResponse.lambda$errorHandler$0(W3CHandshakeResponse.java:62)
	at org.openqa.selenium.remote.HandshakeResponse.lambda$getResponseFunction$0(HandshakeResponse.java:30)
	at org.openqa.selenium.remote.ProtocolHandshake.lambda$createSession$0(ProtocolHandshake.java:126)
	at java.util.stream.ReferencePipeline$3$1.accept(Unknown Source)
	at java.util.Spliterators$ArraySpliterator.tryAdvance(Unknown Source)
	at java.util.stream.ReferencePipeline.forEachWithCancel(Unknown Source)
	at java.util.stream.AbstractPipeline.copyIntoWithCancel(Unknown Source)
	at java.util.stream.AbstractPipeline.copyInto(Unknown Source)
	at java.util.stream.AbstractPipeline.wrapAndCopyInto(Unknown Source)
	at java.util.stream.FindOps$FindOp.evaluateSequential(Unknown Source)
	at java.util.stream.AbstractPipeline.evaluate(Unknown Source)
	at java.util.stream.ReferencePipeline.findFirst(Unknown Source)
	at org.openqa.selenium.remote.ProtocolHandshake.createSession(ProtocolHandshake.java:128)
	at org.openqa.selenium.remote.ProtocolHandshake.createSession(ProtocolHandshake.java:74)
	at org.openqa.selenium.remote.HttpCommandExecutor.execute(HttpCommandExecutor.java:136)
	at org.openqa.selenium.remote.service.DriverCommandExecutor.execute(DriverCommandExecutor.java:83)
	at org.openqa.selenium.remote.RemoteWebDriver.execute(RemoteWebDriver.java:552)
	at org.openqa.selenium.remote.RemoteWebDriver.startSession(RemoteWebDriver.java:213)
	at org.openqa.selenium.remote.RemoteWebDriver.<init>(RemoteWebDriver.java:131)
	at org.openqa.selenium.chrome.ChromeDriver.<init>(ChromeDriver.java:181)
	at org.openqa.selenium.chrome.ChromeDriver.<init>(ChromeDriver.java:168)
	at org.openqa.selenium.chrome.ChromeDriver.<init>(ChromeDriver.java:123)
	at org.bgi.BasicTestng.beforeclass(BasicTestng.java:18)
	at sun.reflect.NativeMethodAccessorImpl.invoke0(Native Method)
	at sun.reflect.NativeMethodAccessorImpl.invoke(Unknown Source)
	at sun.reflect.DelegatingMethodAccessorImpl.invoke(Unknown Source)
	at java.lang.reflect.Method.invoke(Unknown Source)
	at org.testng.internal.MethodInvocationHelper.invokeMethod(MethodInvocationHelper.java:100)
	at org.testng.internal.Invoker.invokeConfigurationMethod(Invoker.java:515)
	at org.testng.internal.Invoker.invokeConfigurations(Invoker.java:216)
	at org.testng.internal.Invoker.invokeConfigurations(Invoker.java:143)
	at org.testng.internal.TestMethodWorker.invokeBeforeClassMethods(TestMethodWorker.java:169)
	at org.testng.internal.TestMethodWorker.run(TestMethodWorker.java:108)
	at org.testng.TestRunner.privateRun(TestRunner.java:753)
	at org.testng.TestRunner.run(TestRunner.java:607)
	at org.testng.SuiteRunner.runTest(SuiteRunner.java:368)
	at org.testng.SuiteRunner.runSequentially(SuiteRunner.java:363)
	at org.testng.SuiteRunner.privateRun(SuiteRunner.java:321)
	at org.testng.SuiteRunner.run(SuiteRunner.java:270)
	at org.testng.SuiteRunnerWorker.runSuite(SuiteRunnerWorker.java:52)
	at org.testng.SuiteRunnerWorker.run(SuiteRunnerWorker.java:86)
	at org.testng.TestNG.runSuitesSequentially(TestNG.java:1284)
	at org.testng.TestNG.runSuitesLocally(TestNG.java:1209)
	at org.testng.TestNG.runSuites(TestNG.java:1124)
	at org.testng.TestNG.run(TestNG.java:1096)
	at org.testng.remote.AbstractRemoteTestNG.run(AbstractRemoteTestNG.java:126)
	at org.testng.remote.RemoteTestNG.initAndRun(RemoteTestNG.java:152)
	at org.testng.remote.RemoteTestNG.main(RemoteTestNG.java:57)
]]>
            </full-stacktrace>
          </exception> <!-- org.openqa.selenium.SessionNotCreatedException -->
          <reporter-output>
          </reporter-output>
        </test-method> <!-- beforeclass -->
        <test-method status="SKIP" signature="login()[pri:0, instance:org.bgi.BasicTestng@6ea12c19]" name="login" duration-ms="5" started-at="2019-09-01T05:37:03Z" finished-at="2019-09-01T05:37:03Z">
          <reporter-output>
          </reporter-output>
        </test-method> <!-- login -->
        <test-method status="SKIP" signature="afterclass()[pri:0, instance:org.bgi.BasicTestng@6ea12c19]" name="afterclass" is-config="true" duration-ms="0" started-at="2019-09-01T05:37:03Z" finished-at="2019-09-01T05:37:03Z">
          <reporter-output>
          </reporter-output>
        </test-method> <!-- afterclass -->
      </class> <!-- org.bgi.BasicTestng -->
    </test> <!-- chromeTest -->
  </suite> <!-- Suite -->
</testng-results>
