<?xml version="1.0" encoding="UTF-8"?>
<!-- Generated by org.testng.reporters.JUnitXMLReporter -->
<testsuite hostname="LAPTOP-2CTTAS9V" name="chromeTest" tests="1" failures="0" timestamp="1 Sep 2019 00:07:03 GMT" time="17.866" errors="0">
  <testcase name="@BeforeClass beforeclass" time="0.0" classname="org.bgi.BasicTestng">
    <failure type="org.openqa.selenium.SessionNotCreatedException" message="session not created
from chrome not reachable
  (Session info: chrome=76.0.3809.100)
Build info: version: &amp;apos;3.141.59&amp;apos;, revision: &amp;apos;e82be7d358&amp;apos;, time: &amp;apos;2018-11-14T08:25:53&amp;apos;
System info: host: &amp;apos;LAPTOP-2CTTAS9V&amp;apos;, ip: &amp;apos;192.168.43.243&amp;apos;, os.name: &amp;apos;Windows 10&amp;apos;, os.arch: &amp;apos;amd64&amp;apos;, os.version: &amp;apos;10.0&amp;apos;, java.version: &amp;apos;1.8.0_211&amp;apos;
Driver info: driver.version: ChromeDriver
remote stacktrace: Backtrace:
	Ordinal0 [0x009E1B43+1448771]
	Ordinal0 [0x00965A31+940593]
	Ordinal0 [0x008F213C+467260]
	Ordinal0 [0x008EBB2E+441134]
	Ordinal0 [0x008EC1C8+442824]
	Ordinal0 [0x008ED275+447093]
	Ordinal0 [0x008E9515+431381]
	Ordinal0 [0x008F2EF0+470768]
	Ordinal0 [0x008A94BE+169150]
	Ordinal0 [0x008A88DD+166109]
	Ordinal0 [0x008A6FEB+159723]
	Ordinal0 [0x008909F6+68086]
	Ordinal0 [0x00891990+72080]
	Ordinal0 [0x00891929+71977]
	GetHandleVerifier [0x00B22E8C+1172172]
	GetHandleVerifier [0x00A7FE55+504469]
	GetHandleVerifier [0x00A7FBF0+503856]
	Ordinal0 [0x009EC9C8+1493448]
	GetHandleVerifier [0x00A8062A+506474]
	Ordinal0 [0x00977156+1012054]
	Ordinal0 [0x00976FCF+1011663]
	Ordinal0 [0x0098135B+1053531]
	Ordinal0 [0x009814C3+1053891]
	Ordinal0 [0x009804F5+1049845]
	BaseThreadInitThunk [0x75366359+25]
	RtlGetAppContainerNamedObjectPath [0x77797A94+228]
	RtlGetAppContainerNamedObjectPath [0x77797A64+180]
">
      <![CDATA[org.openqa.selenium.SessionNotCreatedException: session not created
from chrome not reachable
  (Session info: chrome=76.0.3809.100)
Build info: version: '3.141.59', revision: 'e82be7d358', time: '2018-11-14T08:25:53'
System info: host: 'LAPTOP-2CTTAS9V', ip: '192.168.43.243', os.name: 'Windows 10', os.arch: 'amd64', os.version: '10.0', java.version: '1.8.0_211'
Driver info: driver.version: ChromeDriver
remote stacktrace: Backtrace:
	Ordinal0 [0x009E1B43+1448771]
	Ordinal0 [0x00965A31+940593]
	Ordinal0 [0x008F213C+467260]
	Ordinal0 [0x008EBB2E+441134]
	Ordinal0 [0x008EC1C8+442824]
	Ordinal0 [0x008ED275+447093]
	Ordinal0 [0x008E9515+431381]
	Ordinal0 [0x008F2EF0+470768]
	Ordinal0 [0x008A94BE+169150]
	Ordinal0 [0x008A88DD+166109]
	Ordinal0 [0x008A6FEB+159723]
	Ordinal0 [0x008909F6+68086]
	Ordinal0 [0x00891990+72080]
	Ordinal0 [0x00891929+71977]
	GetHandleVerifier [0x00B22E8C+1172172]
	GetHandleVerifier [0x00A7FE55+504469]
	GetHandleVerifier [0x00A7FBF0+503856]
	Ordinal0 [0x009EC9C8+1493448]
	GetHandleVerifier [0x00A8062A+506474]
	Ordinal0 [0x00977156+1012054]
	Ordinal0 [0x00976FCF+1011663]
	Ordinal0 [0x0098135B+1053531]
	Ordinal0 [0x009814C3+1053891]
	Ordinal0 [0x009804F5+1049845]
	BaseThreadInitThunk [0x75366359+25]
	RtlGetAppContainerNamedObjectPath [0x77797A94+228]
	RtlGetAppContainerNamedObjectPath [0x77797A64+180]

	at org.openqa.selenium.remote.W3CHandshakeResponse.lambda$errorHandler$0(W3CHandshakeResponse.java:62)
	at org.openqa.selenium.remote.HandshakeResponse.lambda$getResponseFunction$0(HandshakeResponse.java:30)
	at org.openqa.selenium.remote.ProtocolHandshake.lambda$createSession$0(ProtocolHandshake.java:126)
	at java.util.stream.ReferencePipeline$3$1.accept(Unknown Source)
	at java.util.Spliterators$ArraySpliterator.tryAdvance(Unknown Source)
	at java.util.stream.ReferencePipeline.forEachWithCancel(Unknown Source)
	at java.util.stream.AbstractPipeline.copyIntoWithCancel(Unknown Source)
	at java.util.stream.AbstractPipeline.copyInto(Unknown Source)
	at java.util.stream.AbstractPipeline.wrapAndCopyInto(Unknown Source)
	at java.util.stream.FindOps$FindOp.evaluateSequential(Unknown Source)
	at java.util.stream.AbstractPipeline.evaluate(Unknown Source)
	at java.util.stream.ReferencePipeline.findFirst(Unknown Source)
	at org.openqa.selenium.remote.ProtocolHandshake.createSession(ProtocolHandshake.java:128)
	at org.openqa.selenium.remote.ProtocolHandshake.createSession(ProtocolHandshake.java:74)
	at org.openqa.selenium.remote.HttpCommandExecutor.execute(HttpCommandExecutor.java:136)
	at org.openqa.selenium.remote.service.DriverCommandExecutor.execute(DriverCommandExecutor.java:83)
	at org.openqa.selenium.remote.RemoteWebDriver.execute(RemoteWebDriver.java:552)
	at org.openqa.selenium.remote.RemoteWebDriver.startSession(RemoteWebDriver.java:213)
	at org.openqa.selenium.remote.RemoteWebDriver.<init>(RemoteWebDriver.java:131)
	at org.openqa.selenium.chrome.ChromeDriver.<init>(ChromeDriver.java:181)
	at org.openqa.selenium.chrome.ChromeDriver.<init>(ChromeDriver.java:168)
	at org.openqa.selenium.chrome.ChromeDriver.<init>(ChromeDriver.java:123)
	at org.bgi.BasicTestng.beforeclass(BasicTestng.java:18)
... Removed 29 stack frames]]>
    </failure>
  </testcase> <!-- @BeforeClass beforeclass -->
  <testcase name="@AfterClass afterclass" time="0.0" classname="org.bgi.BasicTestng">
    <skipped/>
  </testcase> <!-- @AfterClass afterclass -->
  <testcase name="login" time="0.005" classname="org.bgi.BasicTestng">
    <skipped/>
  </testcase> <!-- login -->
</testsuite> <!-- chromeTest -->
